<?xml version="1.0" encoding="UTF-8"?>
<testng-results ignored="0" total="1" passed="1" failed="0" skipped="0">
  <reporter-output>
  </reporter-output>
  <suite started-at="2021-01-21T13:51:27Z" name="Default suite" finished-at="2021-01-21T13:51:44Z" duration-ms="16864">
    <groups>
    </groups>
    <test started-at="2021-01-21T13:51:27Z" name="Default test" finished-at="2021-01-21T13:51:44Z" duration-ms="16864">
      <class name="Test1.TestNG">
        <test-method is-config="true" signature="setUpTest()[pri:0, instance:Test1.TestNG@78aa1f72]" started-at="2021-01-21T13:51:27Z" name="setUpTest" finished-at="2021-01-21T13:51:31Z" duration-ms="3745" status="PASS">
          <reporter-output>
          </reporter-output>
        </test-method> <!-- setUpTest -->
        <test-method signature="Hackerrank()[pri:0, instance:Test1.TestNG@78aa1f72]" started-at="2021-01-21T13:51:31Z" name="Hackerrank" finished-at="2021-01-21T13:51:43Z" duration-ms="12411" status="PASS">
          <reporter-output>
          </reporter-output>
        </test-method> <!-- Hackerrank -->
        <test-method is-config="true" signature="tearDownTest()[pri:0, instance:Test1.TestNG@78aa1f72]" started-at="2021-01-21T13:51:43Z" name="tearDownTest" finished-at="2021-01-21T13:51:44Z" duration-ms="693" status="PASS">
          <reporter-output>
          </reporter-output>
        </test-method> <!-- tearDownTest -->
      </class> <!-- Test1.TestNG -->
    </test> <!-- Default test -->
  </suite> <!-- Default suite -->
</testng-results>
